# JRE version: OpenJDK Runtime Environment (7.0_181-b01) (build 1.7.0_181-b01)
# Java VM: OpenJDK 64-Bit Server VM (24.181-b01 mixed mode linux-amd64 compressed oops)
Heap
 PSYoungGen      total 613888K, used 11551K [0x00000007d6680000, 0x0000000800000000, 0x0000000800000000)
  eden space 588288K, 1% used [0x00000007d6680000,0x00000007d71c7f58,0x00000007fa500000)
  from space 25600K, 0% used [0x00000007fe700000,0x00000007fe700000,0x0000000800000000)
  to   space 46592K, 0% used [0x00000007fa500000,0x00000007fa500000,0x00000007fd280000)
 ParOldGen       total 149504K, used 82015K [0x0000000783400000, 0x000000078c600000, 0x00000007d6680000)
  object space 149504K, 54% used [0x0000000783400000,0x0000000788417c28,0x000000078c600000)
 PSPermGen       total 54272K, used 26816K [0x0000000778e00000, 0x000000077c300000, 0x0000000783400000)
  object space 54272K, 49% used [0x0000000778e00000,0x000000077a830358,0x000000077c300000)
GC Heap History (10 events):
Event: 9.686 GC heap before
{Heap before GC invocations=13 (full 0):
 PSYoungGen      total 355840K, used 333558K [0x00000007d6680000, 0x00000007eda00000, 0x0000000800000000)
  eden space 331264K, 100% used [0x00000007d6680000,0x00000007eaa00000,0x00000007eaa00000)
  from space 24576K, 9% used [0x00000007ec200000,0x00000007ec43dba8,0x00000007eda00000)
  to   space 24576K, 0% used [0x00000007eaa00000,0x00000007eaa00000,0x00000007ec200000)
 ParOldGen       total 84992K, used 50569K [0x0000000783400000, 0x0000000788700000, 0x00000007d6680000)
  object space 84992K, 59% used [0x0000000783400000,0x0000000786562580,0x0000000788700000)
 PSPermGen       total 23552K, used 23059K [0x0000000778e00000, 0x000000077a500000, 0x0000000783400000)
  object space 23552K, 97% used [0x0000000778e00000,0x000000077a484de8,0x000000077a500000)
Event: 9.700 GC heap after
Heap after GC invocations=13 (full 0):
 PSYoungGen      total 355840K, used 982K [0x00000007d6680000, 0x00000007f9c80000, 0x0000000800000000)
  eden space 331264K, 0% used [0x00000007d6680000,0x00000007d6680000,0x00000007eaa00000)
  from space 24576K, 3% used [0x00000007eaa00000,0x00000007eaaf5bb8,0x00000007ec200000)
  to   space 24576K, 0% used [0x00000007f8480000,0x00000007f8480000,0x00000007f9c80000)
 ParOldGen       total 84992K, used 52856K [0x0000000783400000, 0x0000000788700000, 0x00000007d6680000)
  object space 84992K, 62% used [0x0000000783400000,0x000000078679e128,0x0000000788700000)
 PSPermGen       total 23552K, used 23059K [0x0000000778e00000, 0x000000077a500000, 0x0000000783400000)
  object space 23552K, 97% used [0x0000000778e00000,0x000000077a484de8,0x000000077a500000)
}
Event: 11.242 GC heap before
{Heap before GC invocations=14 (full 0):
 PSYoungGen      total 355840K, used 332246K [0x00000007d6680000, 0x00000007f9c80000, 0x0000000800000000)
  eden space 331264K, 100% used [0x00000007d6680000,0x00000007eaa00000,0x00000007eaa00000)
  from space 24576K, 3% used [0x00000007eaa00000,0x00000007eaaf5bb8,0x00000007ec200000)
  to   space 24576K, 0% used [0x00000007f8480000,0x00000007f8480000,0x00000007f9c80000)
 ParOldGen       total 84992K, used 52856K [0x0000000783400000, 0x0000000788700000, 0x00000007d6680000)
  object space 84992K, 62% used [0x0000000783400000,0x000000078679e128,0x0000000788700000)
 PSPermGen       total 24576K, used 24303K [0x0000000778e00000, 0x000000077a600000, 0x0000000783400000)
  object space 24576K, 98% used [0x0000000778e00000,0x000000077a5bbff0,0x000000077a600000)
Event: 11.256 GC heap after
Heap after GC invocations=14 (full 0):
 PSYoungGen      total 552960K, used 19348K [0x00000007d6680000, 0x00000007fa080000, 0x0000000800000000)
  eden space 528384K, 0% used [0x00000007d6680000,0x00000007d6680000,0x00000007f6a80000)
  from space 24576K, 78% used [0x00000007f8480000,0x00000007f97653b8,0x00000007f9c80000)
  to   space 26624K, 0% used [0x00000007f6a80000,0x00000007f6a80000,0x00000007f8480000)
 ParOldGen       total 84992K, used 53543K [0x0000000783400000, 0x0000000788700000, 0x00000007d6680000)
  object space 84992K, 62% used [0x0000000783400000,0x0000000786849ce0,0x0000000788700000)
 PSPermGen       total 24576K, used 24303K [0x0000000778e00000, 0x000000077a600000, 0x0000000783400000)
  object space 24576K, 98% used [0x0000000778e00000,0x000000077a5bbff0,0x000000077a600000)
}
Event: 11.907 GC heap before
{Heap before GC invocations=15 (full 0):
 PSYoungGen      total 552960K, used 547732K [0x00000007d6680000, 0x00000007fa080000, 0x0000000800000000)
  eden space 528384K, 100% used [0x00000007d6680000,0x00000007f6a80000,0x00000007f6a80000)
  from space 24576K, 78% used [0x00000007f8480000,0x00000007f97653b8,0x00000007f9c80000)
  to   space 26624K, 0% used [0x00000007f6a80000,0x00000007f6a80000,0x00000007f8480000)
 ParOldGen       total 84992K, used 53543K [0x0000000783400000, 0x0000000788700000, 0x00000007d6680000)
  object space 84992K, 62% used [0x0000000783400000,0x0000000786849ce0,0x0000000788700000)
 PSPermGen       total 24576K, used 24311K [0x0000000778e00000, 0x000000077a600000, 0x0000000783400000)
  object space 24576K, 98% used [0x0000000778e00000,0x000000077a5bddd8,0x000000077a600000)
Event: 11.916 GC heap after
Heap after GC invocations=15 (full 0):
 PSYoungGen      total 555008K, used 11445K [0x00000007d6680000, 0x0000000800000000, 0x0000000800000000)
  eden space 528384K, 0% used [0x00000007d6680000,0x00000007d6680000,0x00000007f6a80000)
  from space 26624K, 42% used [0x00000007f6a80000,0x00000007f75ad490,0x00000007f8480000)
  to   space 25600K, 0% used [0x00000007fe700000,0x00000007fe700000,0x0000000800000000)
 ParOldGen       total 84992K, used 56065K [0x0000000783400000, 0x0000000788700000, 0x00000007d6680000)
  object space 84992K, 65% used [0x0000000783400000,0x0000000786ac04f0,0x0000000788700000)
 PSPermGen       total 24576K, used 24311K [0x0000000778e00000, 0x000000077a600000, 0x0000000783400000)
  object space 24576K, 98% used [0x0000000778e00000,0x000000077a5bddd8,0x000000077a600000)
}
Event: 14.920 GC heap before
{Heap before GC invocations=16 (full 0):
 PSYoungGen      total 555008K, used 539829K [0x00000007d6680000, 0x0000000800000000, 0x0000000800000000)
  eden space 528384K, 100% used [0x00000007d6680000,0x00000007f6a80000,0x00000007f6a80000)
  from space 26624K, 42% used [0x00000007f6a80000,0x00000007f75ad490,0x00000007f8480000)
  to   space 25600K, 0% used [0x00000007fe700000,0x00000007fe700000,0x0000000800000000)
 ParOldGen       total 84992K, used 56065K [0x0000000783400000, 0x0000000788700000, 0x00000007d6680000)
  object space 84992K, 65% used [0x0000000783400000,0x0000000786ac04f0,0x0000000788700000)
 PSPermGen       total 27136K, used 27067K [0x0000000778e00000, 0x000000077a880000, 0x0000000783400000)
  object space 27136K, 99% used [0x0000000778e00000,0x000000077a86ec48,0x000000077a880000)
Event: 14.959 GC heap after
Heap after GC invocations=16 (full 0):
 PSYoungGen      total 613888K, used 25591K [0x00000007d6680000, 0x0000000800000000, 0x0000000800000000)
  eden space 588288K, 0% used [0x00000007d6680000,0x00000007d6680000,0x00000007fa500000)
  from space 25600K, 99% used [0x00000007fe700000,0x00000007ffffdcd0,0x0000000800000000)
  to   space 46592K, 0% used [0x00000007fa500000,0x00000007fa500000,0x00000007fd280000)
 ParOldGen       total 101376K, used 101275K [0x0000000783400000, 0x0000000789700000, 0x00000007d6680000)
  object space 101376K, 99% used [0x0000000783400000,0x00000007896e6fb0,0x0000000789700000)
 PSPermGen       total 27136K, used 27067K [0x0000000778e00000, 0x000000077a880000, 0x0000000783400000)
  object space 27136K, 99% used [0x0000000778e00000,0x000000077a86ec48,0x000000077a880000)
}
Event: 14.959 GC heap before
{Heap before GC invocations=17 (full 1):
 PSYoungGen      total 613888K, used 25591K [0x00000007d6680000, 0x0000000800000000, 0x0000000800000000)
  eden space 588288K, 0% used [0x00000007d6680000,0x00000007d6680000,0x00000007fa500000)
  from space 25600K, 99% used [0x00000007fe700000,0x00000007ffffdcd0,0x0000000800000000)
  to   space 46592K, 0% used [0x00000007fa500000,0x00000007fa500000,0x00000007fd280000)
 ParOldGen       total 101376K, used 101275K [0x0000000783400000, 0x0000000789700000, 0x00000007d6680000)
  object space 101376K, 99% used [0x0000000783400000,0x00000007896e6fb0,0x0000000789700000)
 PSPermGen       total 27136K, used 27067K [0x0000000778e00000, 0x000000077a880000, 0x0000000783400000)
  object space 27136K, 99% used [0x0000000778e00000,0x000000077a86ec48,0x000000077a880000)
Event: 15.104 GC heap after
Heap after GC invocations=17 (full 1):
 PSYoungGen      total 613888K, used 0K [0x00000007d6680000, 0x0000000800000000, 0x0000000800000000)
  eden space 588288K, 0% used [0x00000007d6680000,0x00000007d6680000,0x00000007fa500000)
  from space 25600K, 0% used [0x00000007fe700000,0x00000007fe700000,0x0000000800000000)
  to   space 46592K, 0% used [0x00000007fa500000,0x00000007fa500000,0x00000007fd280000)
 ParOldGen       total 149504K, used 82015K [0x0000000783400000, 0x000000078c600000, 0x00000007d6680000)
  object space 149504K, 54% used [0x0000000783400000,0x0000000788417c28,0x000000078c600000)
 PSPermGen       total 54272K, used 26810K [0x0000000778e00000, 0x000000077c300000, 0x0000000783400000)
  object space 54272K, 49% used [0x0000000778e00000,0x000000077a82ea28,0x000000077c300000)
}

